<?xml version="1.0" encoding="UTF-8"?>
<!-- Generated by org.testng.reporters.JUnitReportReporter -->
<testsuite skipped="0" hostname="LAPTOP-SMC8HIAI" name="assertionInTestNG.TestOrangeHRM" tests="1" failures="0" timestamp="2021-06-30T08:34:51 IST" time="72.413" errors="1">
  <testcase name="testOrangeHRM" time="72.413" classname="assertionInTestNG.TestOrangeHRM">
    <error type="org.openqa.selenium.WebDriverException" message="chrome not reachable
Build info: version: &#039;3.141.59&#039;, revision: &#039;e82be7d358&#039;, time: &#039;2018-11-14T08:25:53&#039;
System info: host: &#039;LAPTOP-SMC8HIAI&#039;, ip: &#039;192.168.0.8&#039;, os.name: &#039;Windows 10&#039;, os.arch: &#039;amd64&#039;, os.version: &#039;10.0&#039;, java.version: &#039;1.8.0_181&#039;
Driver info: driver.version: ChromeDriver
remote stacktrace: Backtrace:
	Ordinal0 [0x00EFC013+2474003]
	Ordinal0 [0x00E929C1+2042305]
	Ordinal0 [0x00DA2E30+1060400]
	Ordinal0 [0x00D97743+1013571]
	Ordinal0 [0x00DC1282+1184386]
	Ordinal0 [0x00DBD600+1168896]
	Ordinal0 [0x00DBAA83+1157763]
	Ordinal0 [0x00DEA2A2+1352354]
	Ordinal0 [0x00DE8FAA+1347498]
	Ordinal0 [0x00DE66DB+1337051]
	Ordinal0 [0x00DC3427+1192999]
	Ordinal0 [0x00DC42EE+1196782]
	Ordinal0 [0x00DC4279+1196665]
	GetHandleVerifier [0x010896FC+1590332]
	GetHandleVerifier [0x01138614+2306900]
	GetHandleVerifier [0x00F89E93+543699]
	GetHandleVerifier [0x00F892CE+540686]
	Ordinal0 [0x00E986BA+2066106]
	Ordinal0 [0x00E9D1C8+2085320]
	Ordinal0 [0x00E9D308+2085640]
	Ordinal0 [0x00EA67F3+2123763]
	BaseThreadInitThunk [0x76136359+25]
	RtlGetAppContainerNamedObjectPath [0x772B87A4+228]
	RtlGetAppContainerNamedObjectPath [0x772B8774+180]
">
      <![CDATA[org.openqa.selenium.WebDriverException: chrome not reachable
Build info: version: '3.141.59', revision: 'e82be7d358', time: '2018-11-14T08:25:53'
System info: host: 'LAPTOP-SMC8HIAI', ip: '192.168.0.8', os.name: 'Windows 10', os.arch: 'amd64', os.version: '10.0', java.version: '1.8.0_181'
Driver info: driver.version: ChromeDriver
remote stacktrace: Backtrace:
Ordinal0 [0x00EFC013+2474003]
Ordinal0 [0x00E929C1+2042305]
Ordinal0 [0x00DA2E30+1060400]
Ordinal0 [0x00D97743+1013571]
Ordinal0 [0x00DC1282+1184386]
Ordinal0 [0x00DBD600+1168896]
Ordinal0 [0x00DBAA83+1157763]
Ordinal0 [0x00DEA2A2+1352354]
Ordinal0 [0x00DE8FAA+1347498]
Ordinal0 [0x00DE66DB+1337051]
Ordinal0 [0x00DC3427+1192999]
Ordinal0 [0x00DC42EE+1196782]
Ordinal0 [0x00DC4279+1196665]
GetHandleVerifier [0x010896FC+1590332]
GetHandleVerifier [0x01138614+2306900]
GetHandleVerifier [0x00F89E93+543699]
GetHandleVerifier [0x00F892CE+540686]
Ordinal0 [0x00E986BA+2066106]
Ordinal0 [0x00E9D1C8+2085320]
Ordinal0 [0x00E9D308+2085640]
Ordinal0 [0x00EA67F3+2123763]
BaseThreadInitThunk [0x76136359+25]
RtlGetAppContainerNamedObjectPath [0x772B87A4+228]
RtlGetAppContainerNamedObjectPath [0x772B8774+180]

at sun.reflect.NativeConstructorAccessorImpl.newInstance0(Native Method)
at sun.reflect.NativeConstructorAccessorImpl.newInstance(NativeConstructorAccessorImpl.java:62)
at sun.reflect.DelegatingConstructorAccessorImpl.newInstance(DelegatingConstructorAccessorImpl.java:45)
at java.lang.reflect.Constructor.newInstance(Constructor.java:423)
at org.openqa.selenium.remote.W3CHandshakeResponse.lambda$errorHandler$0(W3CHandshakeResponse.java:62)
at org.openqa.selenium.remote.HandshakeResponse.lambda$getResponseFunction$0(HandshakeResponse.java:30)
at org.openqa.selenium.remote.ProtocolHandshake.lambda$createSession$0(ProtocolHandshake.java:126)
at java.util.stream.ReferencePipeline$3$1.accept(ReferencePipeline.java:193)
at java.util.Spliterators$ArraySpliterator.tryAdvance(Spliterators.java:958)
at java.util.stream.ReferencePipeline.forEachWithCancel(ReferencePipeline.java:126)
at java.util.stream.AbstractPipeline.copyIntoWithCancel(AbstractPipeline.java:498)
at java.util.stream.AbstractPipeline.copyInto(AbstractPipeline.java:485)
at java.util.stream.AbstractPipeline.wrapAndCopyInto(AbstractPipeline.java:471)
at java.util.stream.FindOps$FindOp.evaluateSequential(FindOps.java:152)
at java.util.stream.AbstractPipeline.evaluate(AbstractPipeline.java:234)
at java.util.stream.ReferencePipeline.findFirst(ReferencePipeline.java:464)
at org.openqa.selenium.remote.ProtocolHandshake.createSession(ProtocolHandshake.java:128)
at org.openqa.selenium.remote.ProtocolHandshake.createSession(ProtocolHandshake.java:74)
at org.openqa.selenium.remote.HttpCommandExecutor.execute(HttpCommandExecutor.java:136)
at org.openqa.selenium.remote.service.DriverCommandExecutor.execute(DriverCommandExecutor.java:83)
at org.openqa.selenium.remote.RemoteWebDriver.execute(RemoteWebDriver.java:552)
at org.openqa.selenium.remote.RemoteWebDriver.startSession(RemoteWebDriver.java:213)
at org.openqa.selenium.remote.RemoteWebDriver.<init>(RemoteWebDriver.java:131)
at org.openqa.selenium.chrome.ChromeDriver.<init>(ChromeDriver.java:181)
at org.openqa.selenium.chrome.ChromeDriver.<init>(ChromeDriver.java:168)
at org.openqa.selenium.chrome.ChromeDriver.<init>(ChromeDriver.java:123)
at assertionInTestNG.TestOrangeHRM.testOrangeHRM(TestOrangeHRM.java:23)
at sun.reflect.NativeMethodAccessorImpl.invoke0(Native Method)
at sun.reflect.NativeMethodAccessorImpl.invoke(NativeMethodAccessorImpl.java:62)
at sun.reflect.DelegatingMethodAccessorImpl.invoke(DelegatingMethodAccessorImpl.java:43)
at java.lang.reflect.Method.invoke(Method.java:498)
at org.testng.internal.MethodInvocationHelper.invokeMethod(MethodInvocationHelper.java:133)
at org.testng.internal.TestInvoker.invokeMethod(TestInvoker.java:598)
at org.testng.internal.TestInvoker.invokeTestMethod(TestInvoker.java:173)
at org.testng.internal.MethodRunner.runInSequence(MethodRunner.java:46)
at org.testng.internal.TestInvoker$MethodInvocationAgent.invoke(TestInvoker.java:824)
at org.testng.internal.TestInvoker.invokeTestMethods(TestInvoker.java:146)
at org.testng.internal.TestMethodWorker.invokeTestMethods(TestMethodWorker.java:146)
at org.testng.internal.TestMethodWorker.run(TestMethodWorker.java:128)
at java.util.ArrayList.forEach(ArrayList.java:1257)
at org.testng.TestRunner.privateRun(TestRunner.java:794)
at org.testng.TestRunner.run(TestRunner.java:596)
at org.testng.SuiteRunner.runTest(SuiteRunner.java:377)
at org.testng.SuiteRunner.runSequentially(SuiteRunner.java:371)
at org.testng.SuiteRunner.privateRun(SuiteRunner.java:332)
at org.testng.SuiteRunner.run(SuiteRunner.java:276)
at org.testng.SuiteRunnerWorker.runSuite(SuiteRunnerWorker.java:53)
at org.testng.SuiteRunnerWorker.run(SuiteRunnerWorker.java:96)
at org.testng.TestNG.runSuitesSequentially(TestNG.java:1212)
at org.testng.TestNG.runSuitesLocally(TestNG.java:1134)
at org.testng.TestNG.runSuites(TestNG.java:1063)
at org.testng.TestNG.run(TestNG.java:1031)
at org.testng.remote.AbstractRemoteTestNG.run(AbstractRemoteTestNG.java:115)
at org.testng.remote.RemoteTestNG.initAndRun(RemoteTestNG.java:251)
at org.testng.remote.RemoteTestNG.main(RemoteTestNG.java:77)
]]>
    </error>
  </testcase> <!-- testOrangeHRM -->
  <system-out/>
</testsuite> <!-- assertionInTestNG.TestOrangeHRM -->
